生成启动时间为 2017/3/12 15:17:37。
     1>项目“E:\Projects\Tetris\Tetris\Tetris.vcxproj”在节点 2 上(build 个目标)。
     1>InitializeBuildStatus:
         正在创建“Debug\Tetris.unsuccessfulbuild”，因为已指定“AlwaysCreate”。
       ClCompile:
         C:\Program Files (x86)\Microsoft Visual Studio 10.0\VC\bin\CL.exe /c /ZI /nologo /W3 /WX- /Od /Oy- /D WIN32 /D _DEBUG /D _CONSOLE /D _UNICODE /D UNICODE /Gm /EHsc /RTC1 /MDd /GS /fp:precise /Zc:wchar_t /Zc:forScope /Fo"Debug\\" /Fd"Debug\vc100.pdb" /Gd /TC /analyze- /errorReport:prompt conctrl.c
         conctrl.c
     1>e:\projects\tetris\tetris\conctrl.c(283): warning C4013: “IsVanish”未定义；假设外部返回 int
     1>e:\projects\tetris\tetris\conctrl.c(315): warning C4715: “IsVanish”: 不是所有的控件路径都返回值
       ManifestResourceCompile:
         所有输出均为最新。
       Link:
         C:\Program Files (x86)\Microsoft Visual Studio 10.0\VC\bin\link.exe /ERRORREPORT:PROMPT /OUT:"E:\Projects\Tetris\Debug\Tetris.exe" /INCREMENTAL /NOLOGO kernel32.lib user32.lib gdi32.lib winspool.lib comdlg32.lib advapi32.lib shell32.lib ole32.lib oleaut32.lib uuid.lib odbc32.lib odbccp32.lib /MANIFEST /ManifestFile:"Debug\Tetris.exe.intermediate.manifest" /MANIFESTUAC:"level='asInvoker' uiAccess='false'" /DEBUG /PDB:"E:\Projects\Tetris\Debug\Tetris.pdb" /SUBSYSTEM:CONSOLE /TLBID:1 /DYNAMICBASE /NXCOMPAT /IMPLIB:"E:\Projects\Tetris\Debug\Tetris.lib" /MACHINE:X86 Debug\Tetris.exe.embed.manifest.res
         Debug\conctrl.obj
         Debug\teris.obj
         Debug\view.obj
       Manifest:
         C:\Program Files (x86)\Microsoft SDKs\Windows\v7.0A\bin\mt.exe /nologo /verbose /out:"Debug\Tetris.exe.embed.manifest" /manifest Debug\Tetris.exe.intermediate.manifest
         所有输出均为最新。
       LinkEmbedManifest:
         所有输出均为最新。
         Tetris.vcxproj -> E:\Projects\Tetris\Debug\Tetris.exe
       FinalizeBuildStatus:
         正在删除文件“Debug\Tetris.unsuccessfulbuild”。
         正在对“Debug\Tetris.lastbuildstate”执行 Touch 任务。
     1>已完成生成项目“E:\Projects\Tetris\Tetris\Tetris.vcxproj”(build 个目标)的操作。

生成成功。

已用时间 00:00:00.36
